#
# There is insufficient memory for the Java Runtime Environment to continue.
# Native memory allocation (malloc) failed to allocate 1048576 bytes for AllocateHeap
# Possible reasons:
#   The system is out of physical RAM or swap space
#   The process is running with CompressedOops enabled, and the Java Heap may be blocking the growth of the native heap
# Possible solutions:
#   Reduce memory load on the system
#   Increase physical memory or swap space
#   Check if swap backing store is full
#   Decrease Java heap size (-Xmx/-Xms)
#   Decrease number of Java threads
#   Decrease Java thread stack sizes (-Xss)
#   Set larger code cache with -XX:ReservedCodeCacheSize=
#   JVM is running with Unscaled Compressed Oops mode in which the Java heap is
#     placed in the first 4GB address space. The Java Heap base address is the
#     maximum limit for the native heap growth. Please use -XX:HeapBaseMinAddress
#     to set the Java Heap base and to place the Java Heap above 4GB virtual address.
# This output file may be truncated or incomplete.
#
#  Out of Memory Error (memory/allocation.inline.hpp:61), pid=16844, tid=0x000000000000194c
#
# JRE version:  (8.0_231-b11) (build )
# Java VM: Java HotSpot(TM) 64-Bit Server VM (25.231-b11 mixed mode windows-amd64 compressed oops)
# Failed to write core dump. Minidumps are not enabled by default on client versions of Windows
#

---------------  T H R E A D  ---------------

Current thread (0x0000000002977000):  JavaThread "Unknown thread" [_thread_in_vm, id=6476, stack(0x0000000002870000,0x0000000002970000)]

Stack: [0x0000000002870000,0x0000000002970000]
[error occurred during error reporting (printing stack bounds), id 0xc0000005]

Native frames: (J=compiled Java code, j=interpreted, Vv=VM code, C=native code)


---------------  P R O C E S S  ---------------

Java Threads: ( => current thread )

Other Threads:

=>0x0000000002977000 (exited) JavaThread "Unknown thread" [_thread_in_vm, id=6476, stack(0x0000000002870000,0x0000000002970000)]

VM state:not at safepoint (normal execution)

VM Mutex/Monitor currently owned by a thread: None

heap address: 0x0000000081000000, size: 2032 MB, Compressed Oops mode: 32-bit
Narrow klass base: 0x0000000000000000, Narrow klass shift: 3
Compressed class space size: 1073741824 Address: 0x0000000100000000

Heap:
 PSYoungGen      total 38400K, used 665K [0x00000000d5b00000, 0x00000000d8580000, 0x0000000100000000)
  eden space 33280K, 2% used [0x00000000d5b00000,0x00000000d5ba6670,0x00000000d7b80000)
  from space 5120K, 0% used [0x00000000d8080000,0x00000000d8080000,0x00000000d8580000)
  to   space 5120K, 0% used [0x00000000d7b80000,0x00000000d7b80000,0x00000000d8080000)
 ParOldGen       total 87552K, used 0K [0x0000000081000000, 0x0000000086580000, 0x00000000d5b00000)
  object space 87552K, 0% used [0x0000000081000000,0x0000000081000000,0x0000000086580000)
 Metaspace       used 752K, capacity 4480K, committed 4480K, reserved 1056768K
  class space    used 76K, capacity 384K, committed 384K, reserved 1048576K

Card table byte_map: [0x0000000011e30000,0x0000000012230000] byte_map_base: 0x0000000011a28000

Marking Bits: (ParMarkBitMap*) 0x000000005a436d90
 Begin Bits: [0x0000000012ce0000, 0x0000000014ca0000)
 End Bits:   [0x0000000014ca0000, 0x0000000016c60000)

Polling page: 0x00000000008f0000

CodeCache: size=245760Kb used=328Kb max_used=328Kb free=245431Kb
 bounds [0x0000000002a70000, 0x0000000002ce0000, 0x0000000011a70000]
 total_blobs=58 nmethods=0 adapters=38
 compilation: enabled

Compilation events (0 events):
No events

GC Heap History (0 events):
No events

Deoptimization events (0 events):
No events

Classes redefined (0 events):
No events

Internal exceptions (0 events):
No events

Events (10 events):
Event: 0.023 loading class java/lang/Short
Event: 0.023 loading class java/lang/Short done
Event: 0.023 loading class java/lang/Integer
Event: 0.023 loading class java/lang/Integer done
Event: 0.023 loading class java/lang/Long
Event: 0.023 loading class java/lang/Long done
Event: 0.024 loading class java/lang/NullPointerException
Event: 0.024 loading class java/lang/NullPointerException done
Event: 0.024 loading class java/lang/ArithmeticException
Event: 0.024 loading class java/lang/ArithmeticException done


Dynamic libraries:
0x00007ff623640000 - 0x00007ff623677000 	C:\Program Files\Java\jre1.8.0_231\bin\javaw.exe
0x00007ffb7f110000 - 0x00007ffb7f2fd000 	C:\Windows\SYSTEM32\ntdll.dll
0x00007ffb7e600000 - 0x00007ffb7e6b3000 	C:\Windows\System32\KERNEL32.DLL
0x00007ffb7b9c0000 - 0x00007ffb7bc53000 	C:\Windows\System32\KERNELBASE.dll
0x00007ffb7e030000 - 0x00007ffb7e0d3000 	C:\Windows\System32\ADVAPI32.dll
0x00007ffb7df30000 - 0x00007ffb7dfce000 	C:\Windows\System32\msvcrt.dll
0x00007ffb7e0e0000 - 0x00007ffb7e17e000 	C:\Windows\System32\sechost.dll
0x00007ffb7e6d0000 - 0x00007ffb7e7f2000 	C:\Windows\System32\RPCRT4.dll
0x00007ffb7e9b0000 - 0x00007ffb7eb47000 	C:\Windows\System32\USER32.dll
0x00007ffb7c0c0000 - 0x00007ffb7c0e0000 	C:\Windows\System32\win32u.dll
0x00007ffb7daf0000 - 0x00007ffb7db19000 	C:\Windows\System32\GDI32.dll
0x00007ffb7c0e0000 - 0x00007ffb7c279000 	C:\Windows\System32\gdi32full.dll
0x00007ffb7b920000 - 0x00007ffb7b9c0000 	C:\Windows\System32\msvcp_win.dll
0x00007ffb7be40000 - 0x00007ffb7bf3a000 	C:\Windows\System32\ucrtbase.dll
0x00007ffb68590000 - 0x00007ffb68809000 	C:\Windows\WinSxS\amd64_microsoft.windows.common-controls_6595b64144ccf1df_6.0.17763.864_none_05b3441807210760\COMCTL32.dll
0x00007ffb7db20000 - 0x00007ffb7de4c000 	C:\Windows\System32\combase.dll
0x00007ffb7c040000 - 0x00007ffb7c0be000 	C:\Windows\System32\bcryptPrimitives.dll
0x00007ffb7df00000 - 0x00007ffb7df2e000 	C:\Windows\System32\IMM32.DLL
0x0000000059b30000 - 0x0000000059c02000 	C:\Program Files\Java\jre1.8.0_231\bin\msvcr100.dll
0x0000000059c10000 - 0x000000005a4b6000 	C:\Program Files\Java\jre1.8.0_231\bin\server\jvm.dll
0x00007ffb7e9a0000 - 0x00007ffb7e9a8000 	C:\Windows\System32\PSAPI.DLL
0x00007ffb790b0000 - 0x00007ffb790d4000 	C:\Windows\SYSTEM32\WINMM.dll
0x00007ffb74c10000 - 0x00007ffb74c1a000 	C:\Windows\SYSTEM32\VERSION.dll
0x00007ffb79200000 - 0x00007ffb79209000 	C:\Windows\SYSTEM32\WSOCK32.dll
0x00007ffb7ee90000 - 0x00007ffb7eefd000 	C:\Windows\System32\WS2_32.dll
0x00007ffb79080000 - 0x00007ffb790ad000 	C:\Windows\SYSTEM32\WINMMBASE.dll
0x00007ffb7c280000 - 0x00007ffb7c2ca000 	C:\Windows\System32\cfgmgr32.dll
0x00007ffb791a0000 - 0x00007ffb791af000 	C:\Program Files\Java\jre1.8.0_231\bin\verify.dll
0x00007ffb76280000 - 0x00007ffb762a9000 	C:\Program Files\Java\jre1.8.0_231\bin\java.dll
0x00007ffb76500000 - 0x00007ffb76516000 	C:\Program Files\Java\jre1.8.0_231\bin\zip.dll

VM Arguments:
jvm_args: -Dfile.encoding=UTF-8 
java_command: oop.main.TestMain
java_class_path (initial): E:\oop\OOP20191-master\target\classes;E:\oop\mysql-connector-java-8.0.18.jar;C:\Users\duong.ph173061\.m2\repository\com\arangodb\arangodb-java-driver\4.2.2\arangodb-java-driver-4.2.2.jar;C:\Users\duong.ph173061\.m2\repository\com\arangodb\velocypack\1.0.10\velocypack-1.0.10.jar;C:\Users\duong.ph173061\.m2\repository\com\googlecode\json-simple\json-simple\1.1.1\json-simple-1.1.1.jar;C:\Users\duong.ph173061\.m2\repository\junit\junit\4.10\junit-4.10.jar;C:\Users\duong.ph173061\.m2\repository\org\hamcrest\hamcrest-core\1.1\hamcrest-core-1.1.jar;C:\Users\duong.ph173061\.m2\repository\org\slf4j\slf4j-api\1.7.5\slf4j-api-1.7.5.jar;C:\Users\duong.ph173061\.m2\repository\org\slf4j\slf4j-log4j12\1.7.5\slf4j-log4j12-1.7.5.jar;C:\Users\duong.ph173061\.m2\repository\log4j\log4j\1.2.17\log4j-1.2.17.jar;C:\Users\duong.ph173061\.m2\repository\org\eclipse\rdf4j\rdf4j-config\3.0.2\rdf4j-config-3.0.2.jar;C:\Users\duong.ph173061\.m2\repository\org\eclipse\rdf4j\rdf4j-console\3.0.2\rdf4j-console-3.0.2.jar;C:\Users\duong.ph173061\.m2\repository\org\eclipse\rdf4j\rdf4j-shacl\3.0.2\rdf4j-shacl-3.0.2.jar;C:\Users\duong.ph173061\.m2\repository\org\jline\jline\3.6.2\jline-3.6.2.jar;C:\Users\duong.ph173061\.m2\repository\commons-cli\commons-cli\1.4\commons-cli-1.4.jar;C:\Users\duong.ph173061\.m2\repository\org\eclipse\rdf4j\rdf4j-http-protocol\3.0.2\rdf4j-http-protocol-3.0.2.jar;C:\Users\duong.ph173061\.m2\repository\javax\xml\bind\jaxb-api\2.3.0\jaxb-api-2.3.0.jar;C:\Users\duong.ph173061\.m2\repository\org\eclipse\rdf4j\rdf4j-http-server-spring\3.0.2\rdf4j-http-server-spring-3.0.2.jar;C:\Users\duong.ph173061\.m2\repository\javax\servlet\jstl\1.2\jstl-1.2.jar;C:\Users\duong.ph173061\.m2\repository\taglibs\standard\1.1.2\standard-1.1.2.jar;C:\Users\duong.ph173061\.m2\repository\org\springframework\spring-aop\5.1.7.RELEASE\spring-aop-5.1.7.RELEASE.jar;C:\Users\duong.ph173061\.m2\repository\org\springframework\spring-beans\5.1.7.RELEASE\spring-beans-5.1.7.RELEASE.jar
Launcher Type: SUN_STANDARD

Environment Variables:
PATH=C:/Program Files/Java/jre1.8.0_231/bin/server;C:/Program Files/Java/jre1.8.0_231/bin;C:/Program Files/Java/jre1.8.0_231/lib/amd64;C:\Program Files (x86)\Common Files\Oracle\Java\javapath;C:\Windows\system32;C:\Windows;C:\Windows\System32\Wbem;C:\Windows\System32\WindowsPowerShell\v1.0\;C:\Windows\System32\OpenSSH\;D:\NodeJs\;D:\Git\cmd;C:\Program Files\Microsoft SQL Server\Client SDK\ODBC\130\Tools\Binn\;C:\Program Files (x86)\Microsoft SQL Server\140\Tools\Binn\;C:\Program Files\Microsoft SQL Server\140\Tools\Binn\;C:\Program Files\Microsoft SQL Server\140\DTS\Binn\;C:\Program Files (x86)\Microsoft SQL Server\150\DTS\Binn\;C:\Program Files\Java\jdk1.8.0_221\bin;C:\Program Files\Java\jre1.8.0_221\bin;D:\Python 3;C:\Users\duong.ph173061\AppData\Local\Microsoft\WindowsApps;D:\Microsoft VS Code\bin;C:\Users\duong.ph173061\AppData\Local\GitHubDesktop\bin;C:\Users\duong.ph173061\AppData\Roaming\npm;C:\Program Files\Java\jdk1.8.0_221\bin;C:\Program Files\Java\jre1.8.0_221\bin;D:\Python 3;;C:\Users\duong.ph173061\Desktop;
USERNAME=duong.ph173061
OS=Windows_NT
PROCESSOR_IDENTIFIER=Intel64 Family 6 Model 58 Stepping 9, GenuineIntel



---------------  S Y S T E M  ---------------

OS: Windows 10.0 , 64 bit Build 17763 (10.0.17763.475)

CPU:total 8 (initial active 8) (4 cores per cpu, 2 threads per core) family 6 model 58 stepping 9, cmov, cx8, fxsr, mmx, sse, sse2, sse3, ssse3, sse4.1, sse4.2, popcnt, avx, aes, clmul, erms, ht, tsc, tscinvbit, tscinv

Memory: 4k page, physical 8320192k(1740984k free), swap 33486016k(5168k free)

vm_info: Java HotSpot(TM) 64-Bit Server VM (25.231-b11) for windows-amd64 JRE (1.8.0_231-b11), built on Oct  5 2019 03:11:30 by "java_re" with MS VC++ 10.0 (VS2010)

time: Thu Nov 21 22:17:24 2019
timezone: SE Asia Standard Time
elapsed time: 0 seconds (0d 0h 0m 0s)

