#
# There is insufficient memory for the Java Runtime Environment to continue.
# Native memory allocation (malloc) failed to allocate 32784 bytes for Chunk::new
# Possible reasons:
#   The system is out of physical RAM or swap space
#   The process is running with CompressedOops enabled, and the Java Heap may be blocking the growth of the native heap
# Possible solutions:
#   Reduce memory load on the system
#   Increase physical memory or swap space
#   Check if swap backing store is full
#   Decrease Java heap size (-Xmx/-Xms)
#   Decrease number of Java threads
#   Decrease Java thread stack sizes (-Xss)
#   Set larger code cache with -XX:ReservedCodeCacheSize=
#   JVM is running with Unscaled Compressed Oops mode in which the Java heap is
#     placed in the first 4GB address space. The Java Heap base address is the
#     maximum limit for the native heap growth. Please use -XX:HeapBaseMinAddress
#     to set the Java Heap base and to place the Java Heap above 4GB virtual address.
# This output file may be truncated or incomplete.
#
#  Out of Memory Error (allocation.cpp:389), pid=17456, tid=0x0000000000004054
#
# JRE version: Java(TM) SE Runtime Environment (8.0_231-b11) (build 1.8.0_231-b11)
# Java VM: Java HotSpot(TM) 64-Bit Server VM (25.231-b11 mixed mode windows-amd64 compressed oops)
# Failed to write core dump. Minidumps are not enabled by default on client versions of Windows
#

---------------  T H R E A D  ---------------

Current thread (0x000000001992a000):  JavaThread "C2 CompilerThread1" daemon [_thread_in_native, id=16468, stack(0x000000001a1f0000,0x000000001a2f0000)]

Stack: [0x000000001a1f0000,0x000000001a2f0000]
[error occurred during error reporting (printing stack bounds), id 0xc0000005]

Native frames: (J=compiled Java code, j=interpreted, Vv=VM code, C=native code)


Current CompileTask:
C2:    206  146       4       java.lang.String::toLowerCase (439 bytes)


---------------  P R O C E S S  ---------------

Java Threads: ( => current thread )
  0x00000000199c4000 JavaThread "Service Thread" daemon [_thread_blocked, id=18216, stack(0x000000001a4f0000,0x000000001a5f0000)]
  0x000000001993f000 JavaThread "C1 CompilerThread3" daemon [_thread_in_native, id=14640, stack(0x000000001a3f0000,0x000000001a4f0000)]
  0x0000000019934800 JavaThread "C2 CompilerThread2" daemon [_thread_blocked, id=13856, stack(0x000000001a2f0000,0x000000001a3f0000)]
=>0x000000001992a000 JavaThread "C2 CompilerThread1" daemon [_thread_in_native, id=16468, stack(0x000000001a1f0000,0x000000001a2f0000)]
  0x0000000019928800 JavaThread "C2 CompilerThread0" daemon [_thread_blocked, id=17652, stack(0x000000001a0f0000,0x000000001a1f0000)]
  0x0000000019926800 JavaThread "Attach Listener" daemon [_thread_blocked, id=16736, stack(0x0000000019ff0000,0x000000001a0f0000)]
  0x0000000019925000 JavaThread "Signal Dispatcher" daemon [_thread_blocked, id=18260, stack(0x0000000019ef0000,0x0000000019ff0000)]
  0x0000000019910800 JavaThread "Finalizer" daemon [_thread_blocked, id=6768, stack(0x0000000019cf0000,0x0000000019df0000)]
  0x0000000017a2d800 JavaThread "Reference Handler" daemon [_thread_blocked, id=10584, stack(0x00000000197f0000,0x00000000198f0000)]
  0x0000000002957000 JavaThread "main" [_thread_in_native, id=11636, stack(0x0000000002790000,0x0000000002890000)]

Other Threads:
  0x0000000017a25800 VMThread [stack: 0x00000000196f0000,0x00000000197f0000] [id=7564]
  0x0000000019a59800 WatcherThread [stack: 0x000000001a5f0000,0x000000001a6f0000] [id=11376]

VM state:not at safepoint (normal execution)

VM Mutex/Monitor currently owned by a thread: None

heap address: 0x0000000081000000, size: 2032 MB, Compressed Oops mode: 32-bit
Narrow klass base: 0x0000000000000000, Narrow klass shift: 3
Compressed class space size: 1073741824 Address: 0x0000000100000000

Heap:
 PSYoungGen      total 38400K, used 3993K [0x00000000d5b00000, 0x00000000d8580000, 0x0000000100000000)
  eden space 33280K, 12% used [0x00000000d5b00000,0x00000000d5ee6760,0x00000000d7b80000)
  from space 5120K, 0% used [0x00000000d8080000,0x00000000d8080000,0x00000000d8580000)
  to   space 5120K, 0% used [0x00000000d7b80000,0x00000000d7b80000,0x00000000d8080000)
 ParOldGen       total 87552K, used 0K [0x0000000081000000, 0x0000000086580000, 0x00000000d5b00000)
  object space 87552K, 0% used [0x0000000081000000,0x0000000081000000,0x0000000086580000)
 Metaspace       used 2948K, capacity 4652K, committed 4864K, reserved 1056768K
  class space    used 326K, capacity 424K, committed 512K, reserved 1048576K

Card table byte_map: [0x0000000011e10000,0x0000000012210000] byte_map_base: 0x0000000011a08000

Marking Bits: (ParMarkBitMap*) 0x000000005a436d90
 Begin Bits: [0x0000000012cc0000, 0x0000000014c80000)
 End Bits:   [0x0000000014c80000, 0x0000000016c40000)

Polling page: 0x0000000000970000

CodeCache: size=245760Kb used=1409Kb max_used=1409Kb free=244350Kb
 bounds [0x0000000002a50000, 0x0000000002cc0000, 0x0000000011a50000]
 total_blobs=377 nmethods=141 adapters=149
 compilation: enabled

Compilation events (10 events):
Event: 0.200 Thread 0x000000001993f000  137       3       java.util.zip.ZipCoder::encoder (35 bytes)
Event: 0.201 Thread 0x000000001993f000 nmethod 137 0x0000000002baec50 code [0x0000000002baede0, 0x0000000002baf448]
Event: 0.201 Thread 0x000000001993f000  138       3       java.nio.charset.CharsetEncoder::reset (11 bytes)
Event: 0.201 Thread 0x000000001993f000 nmethod 138 0x0000000002b9dad0 code [0x0000000002b9dc20, 0x0000000002b9de50]
Event: 0.201 Thread 0x000000001993f000  139       3       java.nio.charset.CharsetEncoder::implReset (1 bytes)
Event: 0.201 Thread 0x000000001993f000 nmethod 139 0x0000000002bae950 code [0x0000000002baeaa0, 0x0000000002baebf0]
Event: 0.201 Thread 0x000000001993f000  141       1       java.util.zip.ZipCoder::isUTF8 (5 bytes)
Event: 0.201 Thread 0x000000001993f000 nmethod 141 0x0000000002b9d810 code [0x0000000002b9d960, 0x0000000002b9da70]
Event: 0.203 Thread 0x000000001993f000  142       3       sun.nio.cs.UTF_8$Decoder::decode (779 bytes)
Event: 0.205 Thread 0x000000001992a000  146       4       java.lang.String::toLowerCase (439 bytes)

GC Heap History (0 events):
No events

Deoptimization events (1 events):
Event: 0.141 Thread 0x0000000002957000 Uncommon trap: reason=unstable_if action=reinterpret pc=0x0000000002b5faa0 method=java.lang.String.hashCode()I @ 14

Classes redefined (0 events):
No events

Internal exceptions (10 events):
Event: 0.186 Thread 0x0000000002957000 Exception <a 'java/security/PrivilegedActionException'> (0x00000000d5de6b08) thrown at [C:\re\workspace\8-2-build-windows-amd64-cygwin\jdk8u231\13620\hotspot\src\share\vm\prims\jvm.cpp, line 1502]
Event: 0.186 Thread 0x0000000002957000 Exception <a 'java/security/PrivilegedActionException'> (0x00000000d5de6d18) thrown at [C:\re\workspace\8-2-build-windows-amd64-cygwin\jdk8u231\13620\hotspot\src\share\vm\prims\jvm.cpp, line 1502]
Event: 0.187 Thread 0x0000000002957000 Exception <a 'java/security/PrivilegedActionException'> (0x00000000d5de80f0) thrown at [C:\re\workspace\8-2-build-windows-amd64-cygwin\jdk8u231\13620\hotspot\src\share\vm\prims\jvm.cpp, line 1502]
Event: 0.187 Thread 0x0000000002957000 Exception <a 'java/security/PrivilegedActionException'> (0x00000000d5de8300) thrown at [C:\re\workspace\8-2-build-windows-amd64-cygwin\jdk8u231\13620\hotspot\src\share\vm\prims\jvm.cpp, line 1502]
Event: 0.187 Thread 0x0000000002957000 Exception <a 'java/security/PrivilegedActionException'> (0x00000000d5de9698) thrown at [C:\re\workspace\8-2-build-windows-amd64-cygwin\jdk8u231\13620\hotspot\src\share\vm\prims\jvm.cpp, line 1502]
Event: 0.187 Thread 0x0000000002957000 Exception <a 'java/security/PrivilegedActionException'> (0x00000000d5de98a8) thrown at [C:\re\workspace\8-2-build-windows-amd64-cygwin\jdk8u231\13620\hotspot\src\share\vm\prims\jvm.cpp, line 1502]
Event: 0.187 Thread 0x0000000002957000 Exception <a 'java/security/PrivilegedActionException'> (0x00000000d5deac08) thrown at [C:\re\workspace\8-2-build-windows-amd64-cygwin\jdk8u231\13620\hotspot\src\share\vm\prims\jvm.cpp, line 1502]
Event: 0.187 Thread 0x0000000002957000 Exception <a 'java/security/PrivilegedActionException'> (0x00000000d5deae18) thrown at [C:\re\workspace\8-2-build-windows-amd64-cygwin\jdk8u231\13620\hotspot\src\share\vm\prims\jvm.cpp, line 1502]
Event: 0.187 Thread 0x0000000002957000 Exception <a 'java/security/PrivilegedActionException'> (0x00000000d5dec230) thrown at [C:\re\workspace\8-2-build-windows-amd64-cygwin\jdk8u231\13620\hotspot\src\share\vm\prims\jvm.cpp, line 1502]
Event: 0.187 Thread 0x0000000002957000 Exception <a 'java/security/PrivilegedActionException'> (0x00000000d5dec440) thrown at [C:\re\workspace\8-2-build-windows-amd64-cygwin\jdk8u231\13620\hotspot\src\share\vm\prims\jvm.cpp, line 1502]

Events (10 events):
Event: 0.172 loading class java/net/URLClassLoader$2
Event: 0.172 loading class java/net/URLClassLoader$2 done
Event: 0.173 loading class java/util/jar/JarVerifier
Event: 0.173 loading class java/util/jar/JarVerifier done
Event: 0.173 loading class java/security/CodeSigner
Event: 0.173 loading class java/security/CodeSigner done
Event: 0.173 loading class java/util/jar/JarVerifier$3
Event: 0.173 loading class java/util/jar/JarVerifier$3 done
Event: 0.173 loading class java/io/ByteArrayOutputStream
Event: 0.173 loading class java/io/ByteArrayOutputStream done


Dynamic libraries:
0x00007ff623640000 - 0x00007ff623677000 	C:\Program Files\Java\jre1.8.0_231\bin\javaw.exe
0x00007ffb7f110000 - 0x00007ffb7f2fd000 	C:\Windows\SYSTEM32\ntdll.dll
0x00007ffb7e600000 - 0x00007ffb7e6b3000 	C:\Windows\System32\KERNEL32.DLL
0x00007ffb7b9c0000 - 0x00007ffb7bc53000 	C:\Windows\System32\KERNELBASE.dll
0x00007ffb7e030000 - 0x00007ffb7e0d3000 	C:\Windows\System32\ADVAPI32.dll
0x00007ffb7df30000 - 0x00007ffb7dfce000 	C:\Windows\System32\msvcrt.dll
0x00007ffb7e0e0000 - 0x00007ffb7e17e000 	C:\Windows\System32\sechost.dll
0x00007ffb7e6d0000 - 0x00007ffb7e7f2000 	C:\Windows\System32\RPCRT4.dll
0x00007ffb7e9b0000 - 0x00007ffb7eb47000 	C:\Windows\System32\USER32.dll
0x00007ffb7c0c0000 - 0x00007ffb7c0e0000 	C:\Windows\System32\win32u.dll
0x00007ffb7daf0000 - 0x00007ffb7db19000 	C:\Windows\System32\GDI32.dll
0x00007ffb7c0e0000 - 0x00007ffb7c279000 	C:\Windows\System32\gdi32full.dll
0x00007ffb7b920000 - 0x00007ffb7b9c0000 	C:\Windows\System32\msvcp_win.dll
0x00007ffb7be40000 - 0x00007ffb7bf3a000 	C:\Windows\System32\ucrtbase.dll
0x00007ffb68590000 - 0x00007ffb68809000 	C:\Windows\WinSxS\amd64_microsoft.windows.common-controls_6595b64144ccf1df_6.0.17763.864_none_05b3441807210760\COMCTL32.dll
0x00007ffb7db20000 - 0x00007ffb7de4c000 	C:\Windows\System32\combase.dll
0x00007ffb7c040000 - 0x00007ffb7c0be000 	C:\Windows\System32\bcryptPrimitives.dll
0x00007ffb7df00000 - 0x00007ffb7df2e000 	C:\Windows\System32\IMM32.DLL
0x0000000059b30000 - 0x0000000059c02000 	C:\Program Files\Java\jre1.8.0_231\bin\msvcr100.dll
0x0000000059c10000 - 0x000000005a4b6000 	C:\Program Files\Java\jre1.8.0_231\bin\server\jvm.dll
0x00007ffb7e9a0000 - 0x00007ffb7e9a8000 	C:\Windows\System32\PSAPI.DLL
0x00007ffb790b0000 - 0x00007ffb790d4000 	C:\Windows\SYSTEM32\WINMM.dll
0x00007ffb79200000 - 0x00007ffb79209000 	C:\Windows\SYSTEM32\WSOCK32.dll
0x00007ffb74c10000 - 0x00007ffb74c1a000 	C:\Windows\SYSTEM32\VERSION.dll
0x00007ffb7ee90000 - 0x00007ffb7eefd000 	C:\Windows\System32\WS2_32.dll
0x00007ffb79080000 - 0x00007ffb790ad000 	C:\Windows\SYSTEM32\winmmbase.dll
0x00007ffb7c280000 - 0x00007ffb7c2ca000 	C:\Windows\System32\cfgmgr32.dll
0x00007ffb791a0000 - 0x00007ffb791af000 	C:\Program Files\Java\jre1.8.0_231\bin\verify.dll
0x00007ffb76280000 - 0x00007ffb762a9000 	C:\Program Files\Java\jre1.8.0_231\bin\java.dll
0x00007ffb76500000 - 0x00007ffb76516000 	C:\Program Files\Java\jre1.8.0_231\bin\zip.dll
0x00007ffb7c5f0000 - 0x00007ffb7dae4000 	C:\Windows\System32\SHELL32.dll
0x00007ffb7e870000 - 0x00007ffb7e918000 	C:\Windows\System32\shcore.dll
0x00007ffb7b1d0000 - 0x00007ffb7b91d000 	C:\Windows\System32\windows.storage.dll
0x00007ffb7b1a0000 - 0x00007ffb7b1c4000 	C:\Windows\System32\profapi.dll
0x00007ffb7b120000 - 0x00007ffb7b17d000 	C:\Windows\System32\powrprof.dll
0x00007ffb7ef20000 - 0x00007ffb7ef72000 	C:\Windows\System32\shlwapi.dll
0x00007ffb7b100000 - 0x00007ffb7b111000 	C:\Windows\System32\kernel.appcore.dll
0x00007ffb7bf40000 - 0x00007ffb7bf57000 	C:\Windows\System32\cryptsp.dll

VM Arguments:
jvm_args: -Dfile.encoding=UTF-8 
java_command: oop.main.TestMain
java_class_path (initial): E:\oop\OOP20191-master\target\classes;E:\oop\mysql-connector-java-8.0.18.jar;C:\Users\duong.ph173061\.m2\repository\com\arangodb\arangodb-java-driver\4.2.2\arangodb-java-driver-4.2.2.jar;C:\Users\duong.ph173061\.m2\repository\com\arangodb\velocypack\1.0.10\velocypack-1.0.10.jar;C:\Users\duong.ph173061\.m2\repository\com\googlecode\json-simple\json-simple\1.1.1\json-simple-1.1.1.jar;C:\Users\duong.ph173061\.m2\repository\junit\junit\4.10\junit-4.10.jar;C:\Users\duong.ph173061\.m2\repository\org\hamcrest\hamcrest-core\1.1\hamcrest-core-1.1.jar;C:\Users\duong.ph173061\.m2\repository\org\slf4j\slf4j-api\1.7.5\slf4j-api-1.7.5.jar;C:\Users\duong.ph173061\.m2\repository\org\slf4j\slf4j-log4j12\1.7.5\slf4j-log4j12-1.7.5.jar;C:\Users\duong.ph173061\.m2\repository\log4j\log4j\1.2.17\log4j-1.2.17.jar;C:\Users\duong.ph173061\.m2\repository\org\eclipse\rdf4j\rdf4j-config\3.0.2\rdf4j-config-3.0.2.jar;C:\Users\duong.ph173061\.m2\repository\org\eclipse\rdf4j\rdf4j-console\3.0.2\rdf4j-console-3.0.2.jar;C:\Users\duong.ph173061\.m2\repository\org\eclipse\rdf4j\rdf4j-shacl\3.0.2\rdf4j-shacl-3.0.2.jar;C:\Users\duong.ph173061\.m2\repository\org\jline\jline\3.6.2\jline-3.6.2.jar;C:\Users\duong.ph173061\.m2\repository\commons-cli\commons-cli\1.4\commons-cli-1.4.jar;C:\Users\duong.ph173061\.m2\repository\org\eclipse\rdf4j\rdf4j-http-protocol\3.0.2\rdf4j-http-protocol-3.0.2.jar;C:\Users\duong.ph173061\.m2\repository\javax\xml\bind\jaxb-api\2.3.0\jaxb-api-2.3.0.jar;C:\Users\duong.ph173061\.m2\repository\org\eclipse\rdf4j\rdf4j-http-server-spring\3.0.2\rdf4j-http-server-spring-3.0.2.jar;C:\Users\duong.ph173061\.m2\repository\javax\servlet\jstl\1.2\jstl-1.2.jar;C:\Users\duong.ph173061\.m2\repository\taglibs\standard\1.1.2\standard-1.1.2.jar;C:\Users\duong.ph173061\.m2\repository\org\springframework\spring-aop\5.1.7.RELEASE\spring-aop-5.1.7.RELEASE.jar;C:\Users\duong.ph173061\.m2\repository\org\springframework\spring-beans\5.1.7.RELEASE\spring-beans-5.1.7.RELEASE.jar
Launcher Type: SUN_STANDARD

Environment Variables:
PATH=C:/Program Files/Java/jre1.8.0_231/bin/server;C:/Program Files/Java/jre1.8.0_231/bin;C:/Program Files/Java/jre1.8.0_231/lib/amd64;C:\Program Files (x86)\Common Files\Oracle\Java\javapath;C:\Windows\system32;C:\Windows;C:\Windows\System32\Wbem;C:\Windows\System32\WindowsPowerShell\v1.0\;C:\Windows\System32\OpenSSH\;D:\NodeJs\;D:\Git\cmd;C:\Program Files\Microsoft SQL Server\Client SDK\ODBC\130\Tools\Binn\;C:\Program Files (x86)\Microsoft SQL Server\140\Tools\Binn\;C:\Program Files\Microsoft SQL Server\140\Tools\Binn\;C:\Program Files\Microsoft SQL Server\140\DTS\Binn\;C:\Program Files (x86)\Microsoft SQL Server\150\DTS\Binn\;C:\Program Files\Java\jdk1.8.0_221\bin;C:\Program Files\Java\jre1.8.0_221\bin;D:\Python 3;C:\Users\duong.ph173061\AppData\Local\Microsoft\WindowsApps;D:\Microsoft VS Code\bin;C:\Users\duong.ph173061\AppData\Local\GitHubDesktop\bin;C:\Users\duong.ph173061\AppData\Roaming\npm;C:\Program Files\Java\jdk1.8.0_221\bin;C:\Program Files\Java\jre1.8.0_221\bin;D:\Python 3;;C:\Users\duong.ph173061\Desktop;
USERNAME=duong.ph173061
OS=Windows_NT
PROCESSOR_IDENTIFIER=Intel64 Family 6 Model 58 Stepping 9, GenuineIntel



---------------  S Y S T E M  ---------------

OS: Windows 10.0 , 64 bit Build 17763 (10.0.17763.475)

CPU:total 8 (initial active 8) (4 cores per cpu, 2 threads per core) family 6 model 58 stepping 9, cmov, cx8, fxsr, mmx, sse, sse2, sse3, ssse3, sse4.1, sse4.2, popcnt, avx, aes, clmul, erms, ht, tsc, tscinvbit, tscinv

Memory: 4k page, physical 8320192k(1747444k free), swap 33486016k(5120k free)

vm_info: Java HotSpot(TM) 64-Bit Server VM (25.231-b11) for windows-amd64 JRE (1.8.0_231-b11), built on Oct  5 2019 03:11:30 by "java_re" with MS VC++ 10.0 (VS2010)

time: Thu Nov 21 22:17:21 2019
timezone: SE Asia Standard Time
elapsed time: 0 seconds (0d 0h 0m 0s)

